month = 1
/home/xd/data/trading/f_c2015/f_c201501d/dc/20150105/pp1505_20150105.csv 27002
/home/xd/data/trading/f_c2015/f_c201501d/dc/20150106/pp1505_20150106.csv 27001
/home/xd/data/trading/f_c2015/f_c201501d/dc/20150107/pp1505_20150107.csv 27002
/home/xd/data/trading/f_c2015/f_c201501d/dc/20150108/pp1505_20150108.csv 27001
/home/xd/data/trading/f_c2015/f_c201501d/dc/20150109/pp1505_20150109.csv 27001
/home/xd/data/trading/f_c2015/f_c201501d/dc/20150112/pp1505_20150112.csv 27004
/home/xd/data/trading/f_c2015/f_c201501d/dc/20150113/pp1505_20150113.csv 27001
/home/xd/data/trading/f_c2015/f_c201501d/dc/20150114/pp1505_20150114.csv 27000
/home/xd/data/trading/f_c2015/f_c201501d/dc/20150115/pp1505_20150115.csv 27003
/home/xd/data/trading/f_c2015/f_c201501d/dc/20150116/pp1505_20150116.csv 27000
/home/xd/data/trading/f_c2015/f_c201501d/dc/20150119/pp1505_20150119.csv 27003
/home/xd/data/trading/f_c2015/f_c201501d/dc/20150120/pp1505_20150120.csv 26998
/home/xd/data/trading/f_c2015/f_c201501d/dc/20150121/pp1505_20150121.csv 27000
/home/xd/data/trading/f_c2015/f_c201501d/dc/20150122/pp1505_20150122.csv 27004
/home/xd/data/trading/f_c2015/f_c201501d/dc/20150123/pp1505_20150123.csv 27002
/home/xd/data/trading/f_c2015/f_c201501d/dc/20150126/pp1505_20150126.csv 26995
/home/xd/data/trading/f_c2015/f_c201501d/dc/20150127/pp1505_20150127.csv 26999
/home/xd/data/trading/f_c2015/f_c201501d/dc/20150128/pp1505_20150128.csv 27001
/home/xd/data/trading/f_c2015/f_c201501d/dc/20150129/pp1505_20150129.csv 27002
/home/xd/data/trading/f_c2015/f_c201501d/dc/20150130/pp1505_20150130.csv 27001
Saving /home/xd/data/trading/ticks_pp1501.pkl ...
month = 2
/home/xd/data/trading/f_c2015/f_c201502d/dc/20150202/pp1505_20150202.csv 27001
/home/xd/data/trading/f_c2015/f_c201502d/dc/20150203/pp1505_20150203.csv 27001
/home/xd/data/trading/f_c2015/f_c201502d/dc/20150204/pp1505_20150204.csv 27002
/home/xd/data/trading/f_c2015/f_c201502d/dc/20150205/pp1505_20150205.csv 27003
/home/xd/data/trading/f_c2015/f_c201502d/dc/20150206/pp1505_20150206.csv 27000
/home/xd/data/trading/f_c2015/f_c201502d/dc/20150209/pp1505_20150209.csv 27003
/home/xd/data/trading/f_c2015/f_c201502d/dc/20150210/pp1505_20150210.csv 27001
/home/xd/data/trading/f_c2015/f_c201502d/dc/20150211/pp1505_20150211.csv 27001
/home/xd/data/trading/f_c2015/f_c201502d/dc/20150212/pp1505_20150212.csv 26998
/home/xd/data/trading/f_c2015/f_c201502d/dc/20150213/pp1505_20150213.csv 26997
/home/xd/data/trading/f_c2015/f_c201502d/dc/20150216/pp1505_20150216.csv 26999
/home/xd/data/trading/f_c2015/f_c201502d/dc/20150217/pp1505_20150217.csv 27001
/home/xd/data/trading/f_c2015/f_c201502d/dc/20150225/pp1505_20150225.csv 27001
/home/xd/data/trading/f_c2015/f_c201502d/dc/20150226/pp1505_20150226.csv 27001
/home/xd/data/trading/f_c2015/f_c201502d/dc/20150227/pp1505_20150227.csv 27002
Saving /home/xd/data/trading/ticks_pp1502.pkl ...
month = 3
/home/xd/data/trading/f_c2015/f_c201503d/dc/20150302/pp1505_20150302.csv 26999
/home/xd/data/trading/f_c2015/f_c201503d/dc/20150303/pp1505_20150303.csv 26998
/home/xd/data/trading/f_c2015/f_c201503d/dc/20150304/pp1505_20150304.csv 27004
/home/xd/data/trading/f_c2015/f_c201503d/dc/20150305/pp1505_20150305.csv 27002
/home/xd/data/trading/f_c2015/f_c201503d/dc/20150306/pp1505_20150306.csv 27000
/home/xd/data/trading/f_c2015/f_c201503d/dc/20150309/pp1505_20150309.csv 27000
/home/xd/data/trading/f_c2015/f_c201503d/dc/20150310/pp1505_20150310.csv 27001
/home/xd/data/trading/f_c2015/f_c201503d/dc/20150311/pp1505_20150311.csv 26999
/home/xd/data/trading/f_c2015/f_c201503d/dc/20150312/pp1505_20150312.csv 26999
/home/xd/data/trading/f_c2015/f_c201503d/dc/20150313/pp1505_20150313.csv 27002
/home/xd/data/trading/f_c2015/f_c201503d/dc/20150316/pp1505_20150316.csv 27000
/home/xd/data/trading/f_c2015/f_c201503d/dc/20150317/pp1505_20150317.csv 27000
/home/xd/data/trading/f_c2015/f_c201503d/dc/20150318/pp1505_20150318.csv 26999
/home/xd/data/trading/f_c2015/f_c201503d/dc/20150319/pp1505_20150319.csv 27003
/home/xd/data/trading/f_c2015/f_c201503d/dc/20150320/pp1505_20150320.csv 26998
/home/xd/data/trading/f_c2015/f_c201503d/dc/20150323/pp1505_20150323.csv 27002
*******************************************big jump! /home/xd/data/trading/f_c2015/f_c201503d/dc/20150324/pp1509_20150324.csv
/home/xd/data/trading/f_c2015/f_c201503d/dc/20150324/pp1509_20150324.csv 27000
/home/xd/data/trading/f_c2015/f_c201503d/dc/20150325/pp1509_20150325.csv 27003
/home/xd/data/trading/f_c2015/f_c201503d/dc/20150326/pp1509_20150326.csv 27003
/home/xd/data/trading/f_c2015/f_c201503d/dc/20150327/pp1509_20150327.csv 27004
/home/xd/data/trading/f_c2015/f_c201503d/dc/20150330/pp1509_20150330.csv 26999
/home/xd/data/trading/f_c2015/f_c201503d/dc/20150331/pp1509_20150331.csv 27001
Saving /home/xd/data/trading/ticks_pp1503.pkl ...
month = 4
/home/xd/data/trading/f_c2015/f_c201504d/dc/20150401/pp1509_20150401.csv 27003
/home/xd/data/trading/f_c2015/f_c201504d/dc/20150402/pp1509_20150402.csv 26999
/home/xd/data/trading/f_c2015/f_c201504d/dc/20150403/pp1509_20150403.csv 27000
/home/xd/data/trading/f_c2015/f_c201504d/dc/20150407/pp1509_20150407.csv 27004
/home/xd/data/trading/f_c2015/f_c201504d/dc/20150408/pp1509_20150408.csv 27003
/home/xd/data/trading/f_c2015/f_c201504d/dc/20150409/pp1509_20150409.csv 27003
/home/xd/data/trading/f_c2015/f_c201504d/dc/20150410/pp1509_20150410.csv 26996
/home/xd/data/trading/f_c2015/f_c201504d/dc/20150413/pp1509_20150413.csv 26999
/home/xd/data/trading/f_c2015/f_c201504d/dc/20150414/pp1509_20150414.csv 27002
/home/xd/data/trading/f_c2015/f_c201504d/dc/20150415/pp1509_20150415.csv 27002
/home/xd/data/trading/f_c2015/f_c201504d/dc/20150416/pp1509_20150416.csv 27000
/home/xd/data/trading/f_c2015/f_c201504d/dc/20150417/pp1509_20150417.csv 27005
/home/xd/data/trading/f_c2015/f_c201504d/dc/20150420/pp1509_20150420.csv 27003
/home/xd/data/trading/f_c2015/f_c201504d/dc/20150421/pp1509_20150421.csv 27005
/home/xd/data/trading/f_c2015/f_c201504d/dc/20150422/pp1509_20150422.csv 27003
/home/xd/data/trading/f_c2015/f_c201504d/dc/20150423/pp1509_20150423.csv 27003
/home/xd/data/trading/f_c2015/f_c201504d/dc/20150424/pp1509_20150424.csv 27004
/home/xd/data/trading/f_c2015/f_c201504d/dc/20150427/pp1509_20150427.csv 27003
/home/xd/data/trading/f_c2015/f_c201504d/dc/20150428/pp1509_20150428.csv 27002
/home/xd/data/trading/f_c2015/f_c201504d/dc/20150429/pp1509_20150429.csv 27002
/home/xd/data/trading/f_c2015/f_c201504d/dc/20150430/pp1509_20150430.csv 27004
Saving /home/xd/data/trading/ticks_pp1504.pkl ...
month = 5
/home/xd/data/trading/f_c2015/f_c201505d/dc/20150504/pp1509_20150504.csv 26996
/home/xd/data/trading/f_c2015/f_c201505d/dc/20150505/pp1509_20150505.csv 27003
/home/xd/data/trading/f_c2015/f_c201505d/dc/20150506/pp1509_20150506.csv 26999
/home/xd/data/trading/f_c2015/f_c201505d/dc/20150507/pp1509_20150507.csv 26997
/home/xd/data/trading/f_c2015/f_c201505d/dc/20150508/pp1509_20150508.csv 27000
/home/xd/data/trading/f_c2015/f_c201505d/dc/20150511/pp1509_20150511.csv 27001
/home/xd/data/trading/f_c2015/f_c201505d/dc/20150512/pp1509_20150512.csv 26998
/home/xd/data/trading/f_c2015/f_c201505d/dc/20150513/pp1509_20150513.csv 27002
/home/xd/data/trading/f_c2015/f_c201505d/dc/20150514/pp1509_20150514.csv 27000
/home/xd/data/trading/f_c2015/f_c201505d/dc/20150515/pp1509_20150515.csv 27000
/home/xd/data/trading/f_c2015/f_c201505d/dc/20150518/pp1509_20150518.csv 27001
/home/xd/data/trading/f_c2015/f_c201505d/dc/20150519/pp1509_20150519.csv 27002
/home/xd/data/trading/f_c2015/f_c201505d/dc/20150520/pp1509_20150520.csv 26999
/home/xd/data/trading/f_c2015/f_c201505d/dc/20150521/pp1509_20150521.csv 27004
/home/xd/data/trading/f_c2015/f_c201505d/dc/20150522/pp1509_20150522.csv 27003
/home/xd/data/trading/f_c2015/f_c201505d/dc/20150525/pp1509_20150525.csv 27002
/home/xd/data/trading/f_c2015/f_c201505d/dc/20150526/pp1509_20150526.csv 27002
/home/xd/data/trading/f_c2015/f_c201505d/dc/20150527/pp1509_20150527.csv 27001
/home/xd/data/trading/f_c2015/f_c201505d/dc/20150528/pp1509_20150528.csv 27004
/home/xd/data/trading/f_c2015/f_c201505d/dc/20150529/pp1509_20150529.csv 27003
Saving /home/xd/data/trading/ticks_pp1505.pkl ...
month = 6
/home/xd/data/trading/f_c2015/f_c201506d/dc/20150601/pp1509_20150601.csv 27000
/home/xd/data/trading/f_c2015/f_c201506d/dc/20150602/pp1509_20150602.csv 27000
/home/xd/data/trading/f_c2015/f_c201506d/dc/20150603/pp1509_20150603.csv 26999
/home/xd/data/trading/f_c2015/f_c201506d/dc/20150604/pp1509_20150604.csv 27003
/home/xd/data/trading/f_c2015/f_c201506d/dc/20150605/pp1509_20150605.csv 27003
/home/xd/data/trading/f_c2015/f_c201506d/dc/20150608/pp1509_20150608.csv 27002
/home/xd/data/trading/f_c2015/f_c201506d/dc/20150609/pp1509_20150609.csv 27001
/home/xd/data/trading/f_c2015/f_c201506d/dc/20150610/pp1509_20150610.csv 27004
/home/xd/data/trading/f_c2015/f_c201506d/dc/20150611/pp1509_20150611.csv 27001
/home/xd/data/trading/f_c2015/f_c201506d/dc/20150612/pp1509_20150612.csv 27000
/home/xd/data/trading/f_c2015/f_c201506d/dc/20150615/pp1509_20150615.csv 27003
/home/xd/data/trading/f_c2015/f_c201506d/dc/20150616/pp1509_20150616.csv 27005
/home/xd/data/trading/f_c2015/f_c201506d/dc/20150617/pp1509_20150617.csv 27004
/home/xd/data/trading/f_c2015/f_c201506d/dc/20150618/pp1509_20150618.csv 27002
/home/xd/data/trading/f_c2015/f_c201506d/dc/20150619/pp1509_20150619.csv 27003
/home/xd/data/trading/f_c2015/f_c201506d/dc/20150623/pp1509_20150623.csv 27004
/home/xd/data/trading/f_c2015/f_c201506d/dc/20150624/pp1509_20150624.csv 27000
/home/xd/data/trading/f_c2015/f_c201506d/dc/20150625/pp1509_20150625.csv 27004
/home/xd/data/trading/f_c2015/f_c201506d/dc/20150626/pp1509_20150626.csv 27001
/home/xd/data/trading/f_c2015/f_c201506d/dc/20150629/pp1509_20150629.csv 27005
/home/xd/data/trading/f_c2015/f_c201506d/dc/20150630/pp1509_20150630.csv 27001
Saving /home/xd/data/trading/ticks_pp1506.pkl ...
month = 7
/home/xd/data/trading/f_c2015/f_c201507d/dc/20150701/pp1509_20150701.csv 27002
/home/xd/data/trading/f_c2015/f_c201507d/dc/20150702/pp1509_20150702.csv 27000
/home/xd/data/trading/f_c2015/f_c201507d/dc/20150703/pp1509_20150703.csv 27002
/home/xd/data/trading/f_c2015/f_c201507d/dc/20150706/pp1509_20150706.csv 26999
/home/xd/data/trading/f_c2015/f_c201507d/dc/20150707/pp1509_20150707.csv 26999
2015-07-08 14:22:07 n_missed = 149 dt.seconds = 75
2015-07-08 14:29:46 n_missed = 101 dt.seconds = 51
/home/xd/data/trading/f_c2015/f_c201507d/dc/20150708/pp1509_20150708.csv 26987
/home/xd/data/trading/f_c2015/f_c201507d/dc/20150709/pp1509_20150709.csv 27000
/home/xd/data/trading/f_c2015/f_c201507d/dc/20150710/pp1509_20150710.csv 27004
/home/xd/data/trading/f_c2015/f_c201507d/dc/20150713/pp1509_20150713.csv 27005
/home/xd/data/trading/f_c2015/f_c201507d/dc/20150714/pp1509_20150714.csv 27001
/home/xd/data/trading/f_c2015/f_c201507d/dc/20150715/pp1509_20150715.csv 27005
/home/xd/data/trading/f_c2015/f_c201507d/dc/20150716/pp1509_20150716.csv 27002
/home/xd/data/trading/f_c2015/f_c201507d/dc/20150717/pp1509_20150717.csv 27002
/home/xd/data/trading/f_c2015/f_c201507d/dc/20150720/pp1509_20150720.csv 27000
/home/xd/data/trading/f_c2015/f_c201507d/dc/20150721/pp1509_20150721.csv 27002
/home/xd/data/trading/f_c2015/f_c201507d/dc/20150722/pp1509_20150722.csv 27001
/home/xd/data/trading/f_c2015/f_c201507d/dc/20150723/pp1509_20150723.csv 27000
/home/xd/data/trading/f_c2015/f_c201507d/dc/20150724/pp1509_20150724.csv 27000
/home/xd/data/trading/f_c2015/f_c201507d/dc/20150727/pp1509_20150727.csv 26991
/home/xd/data/trading/f_c2015/f_c201507d/dc/20150728/pp1509_20150728.csv 27003
/home/xd/data/trading/f_c2015/f_c201507d/dc/20150729/pp1509_20150729.csv 27003
/home/xd/data/trading/f_c2015/f_c201507d/dc/20150730/pp1509_20150730.csv 27003
/home/xd/data/trading/f_c2015/f_c201507d/dc/20150731/pp1509_20150731.csv 27001
Saving /home/xd/data/trading/ticks_pp1507.pkl ...
month = 8
/home/xd/data/trading/f_c2015/f_c201508d/dc/20150803/pp1509_20150803.csv 26999
/home/xd/data/trading/f_c2015/f_c201508d/dc/20150804/pp1509_20150804.csv 27000
/home/xd/data/trading/f_c2015/f_c201508d/dc/20150805/pp1509_20150805.csv 27002
/home/xd/data/trading/f_c2015/f_c201508d/dc/20150806/pp1509_20150806.csv 26999
*******************************************big jump! /home/xd/data/trading/f_c2015/f_c201508d/dc/20150807/pp1601_20150807.csv
/home/xd/data/trading/f_c2015/f_c201508d/dc/20150807/pp1601_20150807.csv 27002
/home/xd/data/trading/f_c2015/f_c201508d/dc/20150810/pp1601_20150810.csv 27000
/home/xd/data/trading/f_c2015/f_c201508d/dc/20150811/pp1601_20150811.csv 26999
/home/xd/data/trading/f_c2015/f_c201508d/dc/20150812/pp1601_20150812.csv 27001
/home/xd/data/trading/f_c2015/f_c201508d/dc/20150813/pp1601_20150813.csv 27002
/home/xd/data/trading/f_c2015/f_c201508d/dc/20150814/pp1601_20150814.csv 27004
/home/xd/data/trading/f_c2015/f_c201508d/dc/20150817/pp1601_20150817.csv 27002
/home/xd/data/trading/f_c2015/f_c201508d/dc/20150818/pp1601_20150818.csv 27005
/home/xd/data/trading/f_c2015/f_c201508d/dc/20150819/pp1601_20150819.csv 27003
/home/xd/data/trading/f_c2015/f_c201508d/dc/20150820/pp1601_20150820.csv 27002
/home/xd/data/trading/f_c2015/f_c201508d/dc/20150821/pp1601_20150821.csv 27000
/home/xd/data/trading/f_c2015/f_c201508d/dc/20150824/pp1601_20150824.csv 27003
/home/xd/data/trading/f_c2015/f_c201508d/dc/20150825/pp1601_20150825.csv 27001
/home/xd/data/trading/f_c2015/f_c201508d/dc/20150826/pp1601_20150826.csv 27003
/home/xd/data/trading/f_c2015/f_c201508d/dc/20150827/pp1601_20150827.csv 27003
/home/xd/data/trading/f_c2015/f_c201508d/dc/20150828/pp1601_20150828.csv 26999
/home/xd/data/trading/f_c2015/f_c201508d/dc/20150831/pp1601_20150831.csv 27003
Saving /home/xd/data/trading/ticks_pp1508.pkl ...
month = 9
/home/xd/data/trading/f_c2015/f_c201509d/dc/20150901/pp1601_20150901.csv 27000
/home/xd/data/trading/f_c2015/f_c201509d/dc/20150902/pp1601_20150902.csv 27003
/home/xd/data/trading/f_c2015/f_c201509d/dc/20150907/pp1601_20150907.csv 27003
/home/xd/data/trading/f_c2015/f_c201509d/dc/20150908/pp1601_20150908.csv 27000
/home/xd/data/trading/f_c2015/f_c201509d/dc/20150909/pp1601_20150909.csv 26997
/home/xd/data/trading/f_c2015/f_c201509d/dc/20150910/pp1601_20150910.csv 27002
/home/xd/data/trading/f_c2015/f_c201509d/dc/20150911/pp1601_20150911.csv 27000
/home/xd/data/trading/f_c2015/f_c201509d/dc/20150914/pp1601_20150914.csv 27002
/home/xd/data/trading/f_c2015/f_c201509d/dc/20150915/pp1601_20150915.csv 27003
/home/xd/data/trading/f_c2015/f_c201509d/dc/20150916/pp1601_20150916.csv 27002
/home/xd/data/trading/f_c2015/f_c201509d/dc/20150917/pp1601_20150917.csv 27001
/home/xd/data/trading/f_c2015/f_c201509d/dc/20150918/pp1601_20150918.csv 27003
/home/xd/data/trading/f_c2015/f_c201509d/dc/20150921/pp1601_20150921.csv 26999
/home/xd/data/trading/f_c2015/f_c201509d/dc/20150922/pp1601_20150922.csv 26999
/home/xd/data/trading/f_c2015/f_c201509d/dc/20150923/pp1601_20150923.csv 27001
/home/xd/data/trading/f_c2015/f_c201509d/dc/20150924/pp1601_20150924.csv 27002
/home/xd/data/trading/f_c2015/f_c201509d/dc/20150925/pp1601_20150925.csv 27002
/home/xd/data/trading/f_c2015/f_c201509d/dc/20150928/pp1601_20150928.csv 27001
/home/xd/data/trading/f_c2015/f_c201509d/dc/20150929/pp1601_20150929.csv 27006
/home/xd/data/trading/f_c2015/f_c201509d/dc/20150930/pp1601_20150930.csv 27003
Saving /home/xd/data/trading/ticks_pp1509.pkl ...
month = 10
/home/xd/data/trading/f_c2015/f_c201510d/dc/20151008/pp1601_20151008.csv 27001
/home/xd/data/trading/f_c2015/f_c201510d/dc/20151009/pp1601_20151009.csv 26999
/home/xd/data/trading/f_c2015/f_c201510d/dc/20151012/pp1601_20151012.csv 27000
/home/xd/data/trading/f_c2015/f_c201510d/dc/20151013/pp1601_20151013.csv 27000
/home/xd/data/trading/f_c2015/f_c201510d/dc/20151014/pp1601_20151014.csv 27002
/home/xd/data/trading/f_c2015/f_c201510d/dc/20151015/pp1601_20151015.csv 27002
/home/xd/data/trading/f_c2015/f_c201510d/dc/20151016/pp1601_20151016.csv 27002
/home/xd/data/trading/f_c2015/f_c201510d/dc/20151019/pp1601_20151019.csv 27001
/home/xd/data/trading/f_c2015/f_c201510d/dc/20151020/pp1601_20151020.csv 27000
/home/xd/data/trading/f_c2015/f_c201510d/dc/20151021/pp1601_20151021.csv 27001
/home/xd/data/trading/f_c2015/f_c201510d/dc/20151022/pp1601_20151022.csv 27005
/home/xd/data/trading/f_c2015/f_c201510d/dc/20151023/pp1601_20151023.csv 27003
/home/xd/data/trading/f_c2015/f_c201510d/dc/20151026/pp1601_20151026.csv 27000
/home/xd/data/trading/f_c2015/f_c201510d/dc/20151027/pp1601_20151027.csv 27001
/home/xd/data/trading/f_c2015/f_c201510d/dc/20151028/pp1601_20151028.csv 27002
/home/xd/data/trading/f_c2015/f_c201510d/dc/20151029/pp1601_20151029.csv 27003
/home/xd/data/trading/f_c2015/f_c201510d/dc/20151030/pp1601_20151030.csv 27002
Saving /home/xd/data/trading/ticks_pp1510.pkl ...
month = 11
/home/xd/data/trading/f_c2015/f_c201511d/dc/20151102/pp1601_20151102.csv 27002
/home/xd/data/trading/f_c2015/f_c201511d/dc/20151103/pp1601_20151103.csv 26998
/home/xd/data/trading/f_c2015/f_c201511d/dc/20151104/pp1601_20151104.csv 27003
/home/xd/data/trading/f_c2015/f_c201511d/dc/20151105/pp1601_20151105.csv 27000
/home/xd/data/trading/f_c2015/f_c201511d/dc/20151106/pp1601_20151106.csv 27004
/home/xd/data/trading/f_c2015/f_c201511d/dc/20151109/pp1601_20151109.csv 27001
/home/xd/data/trading/f_c2015/f_c201511d/dc/20151110/pp1601_20151110.csv 26998
/home/xd/data/trading/f_c2015/f_c201511d/dc/20151111/pp1601_20151111.csv 27004
/home/xd/data/trading/f_c2015/f_c201511d/dc/20151112/pp1601_20151112.csv 27000
/home/xd/data/trading/f_c2015/f_c201511d/dc/20151113/pp1601_20151113.csv 27004
/home/xd/data/trading/f_c2015/f_c201511d/dc/20151116/pp1601_20151116.csv 27003
/home/xd/data/trading/f_c2015/f_c201511d/dc/20151117/pp1601_20151117.csv 27003
/home/xd/data/trading/f_c2015/f_c201511d/dc/20151118/pp1601_20151118.csv 27004
/home/xd/data/trading/f_c2015/f_c201511d/dc/20151119/pp1601_20151119.csv 27001
/home/xd/data/trading/f_c2015/f_c201511d/dc/20151120/pp1601_20151120.csv 27000
/home/xd/data/trading/f_c2015/f_c201511d/dc/20151123/pp1601_20151123.csv 27002
/home/xd/data/trading/f_c2015/f_c201511d/dc/20151124/pp1601_20151124.csv 27005
/home/xd/data/trading/f_c2015/f_c201511d/dc/20151125/pp1601_20151125.csv 27002
*******************************************big jump! /home/xd/data/trading/f_c2015/f_c201511d/dc/20151126/pp1605_20151126.csv
/home/xd/data/trading/f_c2015/f_c201511d/dc/20151126/pp1605_20151126.csv 27000
/home/xd/data/trading/f_c2015/f_c201511d/dc/20151127/pp1605_20151127.csv 27002
/home/xd/data/trading/f_c2015/f_c201511d/dc/20151130/pp1605_20151130.csv 27002
Saving /home/xd/data/trading/ticks_pp1511.pkl ...
