Running game...
Building mlp40_40...

Training mlp40_40...
Train on 388810 samples, validate on 194406 samples
Epoch 1/100
6s - loss: 13.1986 - val_loss: 20.2377
Epoch 00000: val_loss improved from inf to 20.23770, saving model to /tmp/ifshort_rnn_weights.hdf5
Epoch 2/100
6s - loss: 13.0698 - val_loss: 20.1204
Epoch 00001: val_loss improved from 20.23770 to 20.12039, saving model to /tmp/ifshort_rnn_weights.hdf5
Epoch 3/100
6s - loss: 13.0108 - val_loss: 20.0841
Epoch 00002: val_loss improved from 20.12039 to 20.08409, saving model to /tmp/ifshort_rnn_weights.hdf5
Epoch 4/100
6s - loss: 12.9774 - val_loss: 20.0143
Epoch 00003: val_loss improved from 20.08409 to 20.01434, saving model to /tmp/ifshort_rnn_weights.hdf5
Epoch 5/100
6s - loss: 12.9518 - val_loss: 20.0082
Epoch 00004: val_loss improved from 20.01434 to 20.00817, saving model to /tmp/ifshort_rnn_weights.hdf5
Epoch 6/100
6s - loss: 12.9281 - val_loss: 19.9846
Epoch 00005: val_loss improved from 20.00817 to 19.98464, saving model to /tmp/ifshort_rnn_weights.hdf5
Epoch 7/100
6s - loss: 12.9160 - val_loss: 19.9540
Epoch 00006: val_loss improved from 19.98464 to 19.95405, saving model to /tmp/ifshort_rnn_weights.hdf5
Epoch 8/100
6s - loss: 12.9023 - val_loss: 19.9955
Epoch 00007: val_loss did not improve
Epoch 9/100
6s - loss: 12.8903 - val_loss: 19.9361
Epoch 00008: val_loss improved from 19.95405 to 19.93612, saving model to /tmp/ifshort_rnn_weights.hdf5
Epoch 10/100
6s - loss: 12.8783 - val_loss: 19.9310
Epoch 00009: val_loss improved from 19.93612 to 19.93100, saving model to /tmp/ifshort_rnn_weights.hdf5
Epoch 11/100
6s - loss: 12.8706 - val_loss: 19.9306
Epoch 00010: val_loss improved from 19.93100 to 19.93058, saving model to /tmp/ifshort_rnn_weights.hdf5
Epoch 12/100
6s - loss: 12.8628 - val_loss: 19.9497
Epoch 00011: val_loss did not improve
Epoch 13/100
6s - loss: 12.8563 - val_loss: 19.9070
Epoch 00012: val_loss improved from 19.93058 to 19.90698, saving model to /tmp/ifshort_rnn_weights.hdf5
Epoch 14/100
6s - loss: 12.8510 - val_loss: 19.9468
Epoch 00013: val_loss did not improve
Epoch 15/100
6s - loss: 12.8449 - val_loss: 19.8929
Epoch 00014: val_loss improved from 19.90698 to 19.89291, saving model to /tmp/ifshort_rnn_weights.hdf5
Epoch 16/100
6s - loss: 12.8417 - val_loss: 19.9102
Epoch 00015: val_loss did not improve
Epoch 17/100
6s - loss: 12.8320 - val_loss: 20.0145
Epoch 00016: val_loss did not improve
Epoch 18/100
6s - loss: 12.8322 - val_loss: 19.9366
Epoch 00017: val_loss did not improve
Epoch 19/100
6s - loss: 12.8283 - val_loss: 19.8928
Epoch 00018: val_loss improved from 19.89291 to 19.89281, saving model to /tmp/ifshort_rnn_weights.hdf5
Epoch 20/100
6s - loss: 12.8228 - val_loss: 19.9320
Epoch 00019: val_loss did not improve
Epoch 21/100
6s - loss: 12.8215 - val_loss: 19.8971
Epoch 00020: val_loss did not improve
Epoch 22/100
6s - loss: 12.8162 - val_loss: 19.8726
Epoch 00021: val_loss improved from 19.89281 to 19.87258, saving model to /tmp/ifshort_rnn_weights.hdf5
Epoch 23/100
6s - loss: 12.8150 - val_loss: 19.8740
Epoch 00022: val_loss did not improve
Epoch 24/100
6s - loss: 12.8103 - val_loss: 19.9155
Epoch 00023: val_loss did not improve
Epoch 25/100
6s - loss: 12.8082 - val_loss: 19.8739
Epoch 00024: val_loss did not improve
Epoch 26/100
6s - loss: 12.8052 - val_loss: 19.8983
Epoch 00025: val_loss did not improve
Epoch 27/100
6s - loss: 12.8033 - val_loss: 19.9363
Epoch 00026: val_loss did not improve
Epoch 28/100
6s - loss: 12.7995 - val_loss: 19.9008
Epoch 00027: val_loss did not improve
Epoch 29/100
6s - loss: 12.7989 - val_loss: 19.8543
Epoch 00028: val_loss improved from 19.87258 to 19.85432, saving model to /tmp/ifshort_rnn_weights.hdf5
Epoch 30/100
6s - loss: 12.7952 - val_loss: 19.8683
Epoch 00029: val_loss did not improve
Epoch 31/100
6s - loss: 12.7931 - val_loss: 19.8709
Epoch 00030: val_loss did not improve
Epoch 32/100
6s - loss: 12.7914 - val_loss: 19.8867
Epoch 00031: val_loss did not improve
Epoch 33/100
6s - loss: 12.7897 - val_loss: 19.9144
Epoch 00032: val_loss did not improve
Epoch 34/100
6s - loss: 12.7871 - val_loss: 19.8776
Epoch 00033: val_loss did not improve
Epoch 35/100
6s - loss: 12.7832 - val_loss: 19.9184
Epoch 00034: val_loss did not improve
Epoch 36/100
6s - loss: 12.7826 - val_loss: 19.8769
Epoch 00035: val_loss did not improve
Epoch 37/100
6s - loss: 12.7793 - val_loss: 19.8450
Epoch 00036: val_loss improved from 19.85432 to 19.84498, saving model to /tmp/ifshort_rnn_weights.hdf5
Epoch 38/100
6s - loss: 12.7787 - val_loss: 19.8604
Epoch 00037: val_loss did not improve
Epoch 39/100
6s - loss: 12.7778 - val_loss: 19.8464
Epoch 00038: val_loss did not improve
Epoch 40/100
6s - loss: 12.7759 - val_loss: 19.8666
Epoch 00039: val_loss did not improve
Epoch 41/100
6s - loss: 12.7737 - val_loss: 19.8828
Epoch 00040: val_loss did not improve
Epoch 42/100
6s - loss: 12.7725 - val_loss: 19.8592
Epoch 00041: val_loss did not improve
Epoch 43/100
6s - loss: 12.7695 - val_loss: 19.8515
Epoch 00042: val_loss did not improve
Epoch 44/100
6s - loss: 12.7694 - val_loss: 19.8580
Epoch 00043: val_loss did not improve
Epoch 45/100
6s - loss: 12.7672 - val_loss: 19.8625
Epoch 00044: val_loss did not improve
Epoch 46/100
6s - loss: 12.7628 - val_loss: 19.8536
Epoch 00045: val_loss did not improve
Epoch 47/100
6s - loss: 12.7653 - val_loss: 19.8550
Epoch 00046: val_loss did not improve
Epoch 48/100
6s - loss: 12.7633 - val_loss: 19.8397
Epoch 00047: val_loss improved from 19.84498 to 19.83967, saving model to /tmp/ifshort_rnn_weights.hdf5
Epoch 49/100
6s - loss: 12.7616 - val_loss: 19.8380
Epoch 00048: val_loss improved from 19.83967 to 19.83797, saving model to /tmp/ifshort_rnn_weights.hdf5
Epoch 50/100
10s - loss: 12.7616 - val_loss: 19.8681
Epoch 00049: val_loss did not improve
Epoch 51/100
6s - loss: 12.7587 - val_loss: 19.8480
Epoch 00050: val_loss did not improve
Epoch 52/100
6s - loss: 12.7570 - val_loss: 19.8564
Epoch 00051: val_loss did not improve
Epoch 53/100
6s - loss: 12.7563 - val_loss: 19.8465
Epoch 00052: val_loss did not improve
Epoch 54/100
6s - loss: 12.7560 - val_loss: 19.8424
Epoch 00053: val_loss did not improve
Epoch 55/100
6s - loss: 12.7523 - val_loss: 19.8965
Epoch 00054: val_loss did not improve
Epoch 56/100
6s - loss: 12.7539 - val_loss: 19.8326
Epoch 00055: val_loss improved from 19.83797 to 19.83263, saving model to /tmp/ifshort_rnn_weights.hdf5
Epoch 57/100
6s - loss: 12.7514 - val_loss: 19.8540
Epoch 00056: val_loss did not improve
Epoch 58/100
6s - loss: 12.7503 - val_loss: 19.8562
Epoch 00057: val_loss did not improve
Epoch 59/100
6s - loss: 12.7491 - val_loss: 19.8632
Epoch 00058: val_loss did not improve
Epoch 60/100
6s - loss: 12.7462 - val_loss: 19.8324
Epoch 00059: val_loss improved from 19.83263 to 19.83244, saving model to /tmp/ifshort_rnn_weights.hdf5
Epoch 61/100
6s - loss: 12.7460 - val_loss: 19.8377
Epoch 00060: val_loss did not improve
Epoch 62/100
6s - loss: 12.7459 - val_loss: 19.8451
Epoch 00061: val_loss did not improve
Epoch 63/100
6s - loss: 12.7434 - val_loss: 19.8340
Epoch 00062: val_loss did not improve
Epoch 64/100
6s - loss: 12.7419 - val_loss: 19.8548
Epoch 00063: val_loss did not improve
Epoch 65/100
6s - loss: 12.7415 - val_loss: 19.8608
Epoch 00064: val_loss did not improve
Epoch 66/100
6s - loss: 12.7421 - val_loss: 19.8485
Epoch 00065: val_loss did not improve
Epoch 67/100
6s - loss: 12.7407 - val_loss: 19.8577
Epoch 00066: val_loss did not improve
Epoch 68/100
6s - loss: 12.7407 - val_loss: 19.8303
Epoch 00067: val_loss improved from 19.83244 to 19.83031, saving model to /tmp/ifshort_rnn_weights.hdf5
Epoch 69/100
6s - loss: 12.7377 - val_loss: 19.8754
Epoch 00068: val_loss did not improve
Epoch 70/100
6s - loss: 12.7360 - val_loss: 19.8373
Epoch 00069: val_loss did not improve
Epoch 71/100
6s - loss: 12.7349 - val_loss: 19.8201
Epoch 00070: val_loss improved from 19.83031 to 19.82008, saving model to /tmp/ifshort_rnn_weights.hdf5
Epoch 72/100
6s - loss: 12.7344 - val_loss: 19.8412
Epoch 00071: val_loss did not improve
Epoch 73/100
6s - loss: 12.7344 - val_loss: 19.8477
Epoch 00072: val_loss did not improve
Epoch 74/100
6s - loss: 12.7342 - val_loss: 19.8250
Epoch 00073: val_loss did not improve
Epoch 75/100
6s - loss: 12.7335 - val_loss: 19.8849
Epoch 00074: val_loss did not improve
Epoch 76/100
6s - loss: 12.7327 - val_loss: 19.8341
Epoch 00075: val_loss did not improve
Epoch 77/100
6s - loss: 12.7306 - val_loss: 19.8650
Epoch 00076: val_loss did not improve
Epoch 78/100
6s - loss: 12.7300 - val_loss: 19.8238
Epoch 00077: val_loss did not improve
Epoch 79/100
6s - loss: 12.7293 - val_loss: 19.8343
Epoch 00078: val_loss did not improve
Epoch 80/100
6s - loss: 12.7284 - val_loss: 19.8389
Epoch 00079: val_loss did not improve
Epoch 81/100
6s - loss: 12.7268 - val_loss: 19.8413
Epoch 00080: val_loss did not improve
Epoch 82/100
6s - loss: 12.7266 - val_loss: 19.8371
Epoch 00081: val_loss did not improve
Building lstm16_rs...

Training lstm16_rs, last 10...
Train on 388797 samples, validate on 194399 samples
Epoch 1/100
33s - loss: 13.0759 - val_loss: 20.1173
Epoch 00000: val_loss improved from inf to 20.11728, saving model to /tmp/ifshort_rnn_weights.hdf5
Epoch 2/100
33s - loss: 12.9259 - val_loss: 20.0351
Epoch 00001: val_loss improved from 20.11728 to 20.03512, saving model to /tmp/ifshort_rnn_weights.hdf5
Epoch 3/100
33s - loss: 12.8745 - val_loss: 19.9819
Epoch 00002: val_loss improved from 20.03512 to 19.98193, saving model to /tmp/ifshort_rnn_weights.hdf5
Epoch 4/100
33s - loss: 12.8433 - val_loss: 19.9803
Epoch 00003: val_loss improved from 19.98193 to 19.98026, saving model to /tmp/ifshort_rnn_weights.hdf5
Epoch 5/100
33s - loss: 12.8203 - val_loss: 19.9501
Epoch 00004: val_loss improved from 19.98026 to 19.95013, saving model to /tmp/ifshort_rnn_weights.hdf5
Epoch 6/100
33s - loss: 12.8024 - val_loss: 19.9624
Epoch 00005: val_loss did not improve
Epoch 7/100
33s - loss: 12.7846 - val_loss: 19.9385
Epoch 00006: val_loss improved from 19.95013 to 19.93848, saving model to /tmp/ifshort_rnn_weights.hdf5
Epoch 8/100
33s - loss: 12.7707 - val_loss: 19.9534
Epoch 00007: val_loss did not improve
Epoch 9/100
33s - loss: 12.7570 - val_loss: 19.9630
Epoch 00008: val_loss did not improve
Epoch 10/100
33s - loss: 12.7471 - val_loss: 19.9157
Epoch 00009: val_loss improved from 19.93848 to 19.91567, saving model to /tmp/ifshort_rnn_weights.hdf5
Epoch 11/100
33s - loss: 12.7369 - val_loss: 19.9244
Epoch 00010: val_loss did not improve
Epoch 12/100
33s - loss: 12.7285 - val_loss: 19.9553
Epoch 00011: val_loss did not improve
Epoch 13/100
33s - loss: 12.7215 - val_loss: 19.9678
Epoch 00012: val_loss did not improve
Epoch 14/100
33s - loss: 12.7129 - val_loss: 19.9359
Epoch 00013: val_loss did not improve
Epoch 15/100
33s - loss: 12.7068 - val_loss: 19.9567
Epoch 00014: val_loss did not improve
Epoch 16/100
33s - loss: 12.7009 - val_loss: 20.0388
Epoch 00015: val_loss did not improve
Epoch 17/100
33s - loss: 12.6953 - val_loss: 19.9567
Epoch 00016: val_loss did not improve
Epoch 18/100
33s - loss: 12.6891 - val_loss: 19.9943
Epoch 00017: val_loss did not improve
Epoch 19/100
33s - loss: 12.6856 - val_loss: 20.0315
Epoch 00018: val_loss did not improve
Epoch 20/100
33s - loss: 12.6805 - val_loss: 20.0344
Epoch 00019: val_loss did not improve
Epoch 21/100
33s - loss: 12.6761 - val_loss: 20.0038
Epoch 00020: val_loss did not improve

Training lstm40_rs, last 20...
Train on 388797 samples, validate on 194399 samples
Epoch 1/100
51s - loss: 12.5976 - val_loss: 20.0264
Epoch 00000: val_loss improved from inf to 20.02638, saving model to /tmp/ifshort_rnn_weights.hdf5
Epoch 2/100
51s - loss: 12.5804 - val_loss: 20.0471
Epoch 00001: val_loss did not improve
Epoch 3/100
51s - loss: 12.5668 - val_loss: 20.0724
Epoch 00002: val_loss did not improve
Epoch 4/100
51s - loss: 12.5549 - val_loss: 20.1009
Epoch 00003: val_loss did not improve
Epoch 5/100
51s - loss: 12.5450 - val_loss: 20.1446
Epoch 00004: val_loss did not improve
Epoch 6/100
51s - loss: 12.5350 - val_loss: 20.1171
Epoch 00005: val_loss did not improve
Epoch 7/100
51s - loss: 12.5267 - val_loss: 20.1579
Epoch 00006: val_loss did not improve
Epoch 8/100
51s - loss: 12.5171 - val_loss: 20.2033
Epoch 00007: val_loss did not improve
Epoch 9/100
51s - loss: 12.5105 - val_loss: 20.1974
Epoch 00008: val_loss did not improve
Epoch 10/100
51s - loss: 12.5010 - val_loss: 20.2801
Epoch 00009: val_loss did not improve
Epoch 11/100
51s - loss: 12.4934 - val_loss: 20.2666
Epoch 00010: val_loss did not improve
Epoch 12/100
51s - loss: 12.4874 - val_loss: 20.2234
Epoch 00011: val_loss did not improve
Building lstm16_16_rs...

Training lstm16_16_rs, last 10...
Train on 388797 samples, validate on 194399 samples
Epoch 1/100
65s - loss: 13.0949 - val_loss: 20.0739
Epoch 00000: val_loss improved from inf to 20.07390, saving model to /tmp/ifshort_rnn_weights.hdf5
Epoch 2/100
65s - loss: 12.9168 - val_loss: 20.0165
Epoch 00001: val_loss improved from 20.07390 to 20.01651, saving model to /tmp/ifshort_rnn_weights.hdf5
Epoch 3/100
65s - loss: 12.8537 - val_loss: 19.9750
Epoch 00002: val_loss improved from 20.01651 to 19.97502, saving model to /tmp/ifshort_rnn_weights.hdf5
Epoch 4/100
65s - loss: 12.8175 - val_loss: 19.9694
Epoch 00003: val_loss improved from 19.97502 to 19.96940, saving model to /tmp/ifshort_rnn_weights.hdf5
Epoch 5/100
65s - loss: 12.7892 - val_loss: 19.9957
Epoch 00004: val_loss did not improve
Epoch 6/100
65s - loss: 12.7674 - val_loss: 20.0019
Epoch 00005: val_loss did not improve
Epoch 7/100
65s - loss: 12.7495 - val_loss: 19.9629
Epoch 00006: val_loss improved from 19.96940 to 19.96286, saving model to /tmp/ifshort_rnn_weights.hdf5
Epoch 8/100
64s - loss: 12.7334 - val_loss: 19.9705
Epoch 00007: val_loss did not improve
Epoch 9/100
64s - loss: 12.7188 - val_loss: 19.9496
Epoch 00008: val_loss improved from 19.96286 to 19.94959, saving model to /tmp/ifshort_rnn_weights.hdf5
Epoch 10/100
64s - loss: 12.7025 - val_loss: 20.0347
Epoch 00009: val_loss did not improve
Epoch 11/100
64s - loss: 12.6898 - val_loss: 19.9917
Epoch 00010: val_loss did not improve
Epoch 12/100
64s - loss: 12.6739 - val_loss: 20.0520
Epoch 00011: val_loss did not improve
Epoch 13/100
64s - loss: 12.6600 - val_loss: 20.0361
Epoch 00012: val_loss did not improve
Epoch 14/100
64s - loss: 12.6455 - val_loss: 20.0762
Epoch 00013: val_loss did not improve
Epoch 15/100
64s - loss: 12.6302 - val_loss: 20.0548
Epoch 00014: val_loss did not improve
Epoch 16/100
64s - loss: 12.6151 - val_loss: 20.0373
Epoch 00015: val_loss did not improve
Epoch 17/100
64s - loss: 12.6016 - val_loss: 20.0926
Epoch 00016: val_loss did not improve
Epoch 18/100
64s - loss: 12.5858 - val_loss: 20.1182
Epoch 00017: val_loss did not improve
Epoch 19/100
64s - loss: 12.5714 - val_loss: 20.1029
Epoch 00018: val_loss did not improve
Epoch 20/100
64s - loss: 12.5569 - val_loss: 20.1401
Epoch 00019: val_loss did not improve

Training lstm40_rs, last 20...
Train on 388797 samples, validate on 194399 samples
Epoch 1/100
99s - loss: 12.3819 - val_loss: 20.3354
Epoch 00000: val_loss improved from inf to 20.33538, saving model to /tmp/ifshort_rnn_weights.hdf5
Epoch 2/100
99s - loss: 12.3232 - val_loss: 20.4120
Epoch 00001: val_loss did not improve
Epoch 3/100
99s - loss: 12.2822 - val_loss: 20.4679
Epoch 00002: val_loss did not improve
Epoch 4/100
99s - loss: 12.2454 - val_loss: 20.6302
Epoch 00003: val_loss did not improve
Epoch 5/100
99s - loss: 12.2123 - val_loss: 20.6882
Epoch 00004: val_loss did not improve
Epoch 6/100
99s - loss: 12.1837 - val_loss: 20.6627
Epoch 00005: val_loss did not improve
Epoch 7/100
103s - loss: 12.1576 - val_loss: 20.7845
Epoch 00006: val_loss did not improve
Epoch 8/100
99s - loss: 12.1320 - val_loss: 20.9376
Epoch 00007: val_loss did not improve
Epoch 9/100
99s - loss: 12.1106 - val_loss: 20.8469
Epoch 00008: val_loss did not improve
Epoch 10/100
99s - loss: 12.0885 - val_loss: 20.9605
Epoch 00009: val_loss did not improve
Epoch 11/100
99s - loss: 12.0695 - val_loss: 20.9336
Epoch 00010: val_loss did not improve
Epoch 12/100
99s - loss: 12.0487 - val_loss: 21.0047
Epoch 00011: val_loss did not improve

